2025-09-17 12:06:00 [INFO]: ✅ Dev DB connected: 127.0.0.1:27017
2025-09-17 12:06:00 [INFO]: Server started on port 5000
2025-09-17 12:06:12 [INFO]: New session created for user: 68b6749701dd3095d7b93447
2025-09-17 12:06:12 [INFO]: User logged in: batman@gmail.com
2025-09-17 12:07:48 [WARN]: [404] Route /api/v1undefined?q=Spi&page=1&limit=20 not found - Method: GET - IP: ::ffff:192.168.183.157
2025-09-17 12:07:48 [ERROR]: Error: Route /api/v1undefined?q=Spi&page=1&limit=20 not found
    at ApiError.notFound (file:///C:/Users/Abhishek/Desktop/LaunchMyTech/Twitter-Clone-1/backend/src/utils/api-error.js:32:12)
    at notFound (file:///C:/Users/Abhishek/Desktop/LaunchMyTech/Twitter-Clone-1/backend/src/middleware/not-Found.middleware.js:15:17)
    at Layer.handle [as handle_request] (C:\Users\Abhishek\Desktop\LaunchMyTech\Twitter-Clone-1\backend\node_modules\express\lib\router\layer.js:95:5)
    at trim_prefix (C:\Users\Abhishek\Desktop\LaunchMyTech\Twitter-Clone-1\backend\node_modules\express\lib\router\index.js:328:13)
    at C:\Users\Abhishek\Desktop\LaunchMyTech\Twitter-Clone-1\backend\node_modules\express\lib\router\index.js:286:9
    at Function.process_params (C:\Users\Abhishek\Desktop\LaunchMyTech\Twitter-Clone-1\backend\node_modules\express\lib\router\index.js:346:12)
    at next (C:\Users\Abhishek\Desktop\LaunchMyTech\Twitter-Clone-1\backend\node_modules\express\lib\router\index.js:280:10)
    at logger (C:\Users\Abhishek\Desktop\LaunchMyTech\Twitter-Clone-1\backend\node_modules\morgan\index.js:144:5)
    at Layer.handle [as handle_request] (C:\Users\Abhishek\Desktop\LaunchMyTech\Twitter-Clone-1\backend\node_modules\express\lib\router\layer.js:95:5)
    at trim_prefix (C:\Users\Abhishek\Desktop\LaunchMyTech\Twitter-Clone-1\backend\node_modules\express\lib\router\index.js:328:13)
2025-09-17 12:07:49 [WARN]: [404] Route /api/v1undefined?q=Spid&page=1&limit=20 not found - Method: GET - IP: ::ffff:192.168.183.157
2025-09-17 12:07:49 [ERROR]: Error: Route /api/v1undefined?q=Spid&page=1&limit=20 not found
    at ApiError.notFound (file:///C:/Users/Abhishek/Desktop/LaunchMyTech/Twitter-Clone-1/backend/src/utils/api-error.js:32:12)
    at notFound (file:///C:/Users/Abhishek/Desktop/LaunchMyTech/Twitter-Clone-1/backend/src/middleware/not-Found.middleware.js:15:17)
    at Layer.handle [as handle_request] (C:\Users\Abhishek\Desktop\LaunchMyTech\Twitter-Clone-1\backend\node_modules\express\lib\router\layer.js:95:5)
    at trim_prefix (C:\Users\Abhishek\Desktop\LaunchMyTech\Twitter-Clone-1\backend\node_modules\express\lib\router\index.js:328:13)
    at C:\Users\Abhishek\Desktop\LaunchMyTech\Twitter-Clone-1\backend\node_modules\express\lib\router\index.js:286:9
    at Function.process_params (C:\Users\Abhishek\Desktop\LaunchMyTech\Twitter-Clone-1\backend\node_modules\express\lib\router\index.js:346:12)
    at next (C:\Users\Abhishek\Desktop\LaunchMyTech\Twitter-Clone-1\backend\node_modules\express\lib\router\index.js:280:10)
    at logger (C:\Users\Abhishek\Desktop\LaunchMyTech\Twitter-Clone-1\backend\node_modules\morgan\index.js:144:5)
    at Layer.handle [as handle_request] (C:\Users\Abhishek\Desktop\LaunchMyTech\Twitter-Clone-1\backend\node_modules\express\lib\router\layer.js:95:5)
    at trim_prefix (C:\Users\Abhishek\Desktop\LaunchMyTech\Twitter-Clone-1\backend\node_modules\express\lib\router\index.js:328:13)
2025-09-17 12:07:49 [WARN]: [404] Route /api/v1undefined?q=Spide&page=1&limit=20 not found - Method: GET - IP: ::ffff:192.168.183.157
2025-09-17 12:07:49 [ERROR]: Error: Route /api/v1undefined?q=Spide&page=1&limit=20 not found
    at ApiError.notFound (file:///C:/Users/Abhishek/Desktop/LaunchMyTech/Twitter-Clone-1/backend/src/utils/api-error.js:32:12)
    at notFound (file:///C:/Users/Abhishek/Desktop/LaunchMyTech/Twitter-Clone-1/backend/src/middleware/not-Found.middleware.js:15:17)
    at Layer.handle [as handle_request] (C:\Users\Abhishek\Desktop\LaunchMyTech\Twitter-Clone-1\backend\node_modules\express\lib\router\layer.js:95:5)
    at trim_prefix (C:\Users\Abhishek\Desktop\LaunchMyTech\Twitter-Clone-1\backend\node_modules\express\lib\router\index.js:328:13)
    at C:\Users\Abhishek\Desktop\LaunchMyTech\Twitter-Clone-1\backend\node_modules\express\lib\router\index.js:286:9
    at Function.process_params (C:\Users\Abhishek\Desktop\LaunchMyTech\Twitter-Clone-1\backend\node_modules\express\lib\router\index.js:346:12)
    at next (C:\Users\Abhishek\Desktop\LaunchMyTech\Twitter-Clone-1\backend\node_modules\express\lib\router\index.js:280:10)
    at logger (C:\Users\Abhishek\Desktop\LaunchMyTech\Twitter-Clone-1\backend\node_modules\morgan\index.js:144:5)
    at Layer.handle [as handle_request] (C:\Users\Abhishek\Desktop\LaunchMyTech\Twitter-Clone-1\backend\node_modules\express\lib\router\layer.js:95:5)
    at trim_prefix (C:\Users\Abhishek\Desktop\LaunchMyTech\Twitter-Clone-1\backend\node_modules\express\lib\router\index.js:328:13)
2025-09-17 12:07:49 [WARN]: [404] Route /api/v1undefined?q=Spider&page=1&limit=20 not found - Method: GET - IP: ::ffff:192.168.183.157
2025-09-17 12:07:49 [ERROR]: Error: Route /api/v1undefined?q=Spider&page=1&limit=20 not found
    at ApiError.notFound (file:///C:/Users/Abhishek/Desktop/LaunchMyTech/Twitter-Clone-1/backend/src/utils/api-error.js:32:12)
    at notFound (file:///C:/Users/Abhishek/Desktop/LaunchMyTech/Twitter-Clone-1/backend/src/middleware/not-Found.middleware.js:15:17)
    at Layer.handle [as handle_request] (C:\Users\Abhishek\Desktop\LaunchMyTech\Twitter-Clone-1\backend\node_modules\express\lib\router\layer.js:95:5)
    at trim_prefix (C:\Users\Abhishek\Desktop\LaunchMyTech\Twitter-Clone-1\backend\node_modules\express\lib\router\index.js:328:13)
    at C:\Users\Abhishek\Desktop\LaunchMyTech\Twitter-Clone-1\backend\node_modules\express\lib\router\index.js:286:9
    at Function.process_params (C:\Users\Abhishek\Desktop\LaunchMyTech\Twitter-Clone-1\backend\node_modules\express\lib\router\index.js:346:12)
    at next (C:\Users\Abhishek\Desktop\LaunchMyTech\Twitter-Clone-1\backend\node_modules\express\lib\router\index.js:280:10)
    at logger (C:\Users\Abhishek\Desktop\LaunchMyTech\Twitter-Clone-1\backend\node_modules\morgan\index.js:144:5)
    at Layer.handle [as handle_request] (C:\Users\Abhishek\Desktop\LaunchMyTech\Twitter-Clone-1\backend\node_modules\express\lib\router\layer.js:95:5)
    at trim_prefix (C:\Users\Abhishek\Desktop\LaunchMyTech\Twitter-Clone-1\backend\node_modules\express\lib\router\index.js:328:13)
2025-09-17 12:34:48 [ERROR]: Error: Validation failed
    at ApiError.validation (file:///C:/Users/Abhishek/Desktop/LaunchMyTech/Twitter-Clone-1/backend/src/utils/api-error.js:40:19)
    at file:///C:/Users/Abhishek/Desktop/LaunchMyTech/Twitter-Clone-1/backend/src/middleware/validation.middleware.js:24:22
    at Layer.handle [as handle_request] (C:\Users\Abhishek\Desktop\LaunchMyTech\Twitter-Clone-1\backend\node_modules\express\lib\router\layer.js:95:5)
    at next (C:\Users\Abhishek\Desktop\LaunchMyTech\Twitter-Clone-1\backend\node_modules\express\lib\router\route.js:149:13)
    at Route.dispatch (C:\Users\Abhishek\Desktop\LaunchMyTech\Twitter-Clone-1\backend\node_modules\express\lib\router\route.js:119:3)
    at Layer.handle [as handle_request] (C:\Users\Abhishek\Desktop\LaunchMyTech\Twitter-Clone-1\backend\node_modules\express\lib\router\layer.js:95:5)
    at C:\Users\Abhishek\Desktop\LaunchMyTech\Twitter-Clone-1\backend\node_modules\express\lib\router\index.js:284:15
    at param (C:\Users\Abhishek\Desktop\LaunchMyTech\Twitter-Clone-1\backend\node_modules\express\lib\router\index.js:365:14)
    at param (C:\Users\Abhishek\Desktop\LaunchMyTech\Twitter-Clone-1\backend\node_modules\express\lib\router\index.js:376:14)
    at Function.process_params (C:\Users\Abhishek\Desktop\LaunchMyTech\Twitter-Clone-1\backend\node_modules\express\lib\router\index.js:421:3)
2025-09-17 12:43:34 [ERROR]: Error: Tweet not found or has been deleted
    at ApiError.notFound (file:///C:/Users/Abhishek/Desktop/LaunchMyTech/Twitter-Clone-1/backend/src/utils/api-error.js:32:12)
    at TweetService.toggleRetweet (file:///C:/Users/Abhishek/Desktop/LaunchMyTech/Twitter-Clone-1/backend/src/services/tweet.service.js:447:22)
    at process.processTicksAndRejections (node:internal/process/task_queues:105:5)
    at async file:///C:/Users/Abhishek/Desktop/LaunchMyTech/Twitter-Clone-1/backend/src/controllers/tweet.controller.js:114:20
2025-09-17 12:43:49 [ERROR]: Error: Cannot retweet your own tweet
    at ApiError.badRequest (file:///C:/Users/Abhishek/Desktop/LaunchMyTech/Twitter-Clone-1/backend/src/utils/api-error.js:20:12)
    at TweetService.toggleRetweet (file:///C:/Users/Abhishek/Desktop/LaunchMyTech/Twitter-Clone-1/backend/src/services/tweet.service.js:451:22)
    at process.processTicksAndRejections (node:internal/process/task_queues:105:5)
    at async file:///C:/Users/Abhishek/Desktop/LaunchMyTech/Twitter-Clone-1/backend/src/controllers/tweet.controller.js:114:20
2025-09-17 12:43:52 [ERROR]: Error: Cannot retweet your own tweet
    at ApiError.badRequest (file:///C:/Users/Abhishek/Desktop/LaunchMyTech/Twitter-Clone-1/backend/src/utils/api-error.js:20:12)
    at TweetService.toggleRetweet (file:///C:/Users/Abhishek/Desktop/LaunchMyTech/Twitter-Clone-1/backend/src/services/tweet.service.js:451:22)
    at process.processTicksAndRejections (node:internal/process/task_queues:105:5)
    at async file:///C:/Users/Abhishek/Desktop/LaunchMyTech/Twitter-Clone-1/backend/src/controllers/tweet.controller.js:114:20
2025-09-17 12:44:06 [ERROR]: Error: Cannot retweet your own tweet
    at ApiError.badRequest (file:///C:/Users/Abhishek/Desktop/LaunchMyTech/Twitter-Clone-1/backend/src/utils/api-error.js:20:12)
    at TweetService.toggleRetweet (file:///C:/Users/Abhishek/Desktop/LaunchMyTech/Twitter-Clone-1/backend/src/services/tweet.service.js:451:22)
    at process.processTicksAndRejections (node:internal/process/task_queues:105:5)
    at async file:///C:/Users/Abhishek/Desktop/LaunchMyTech/Twitter-Clone-1/backend/src/controllers/tweet.controller.js:114:20
2025-09-17 12:45:17 [ERROR]: Error: Cannot retweet your own tweet
    at ApiError.badRequest (file:///C:/Users/Abhishek/Desktop/LaunchMyTech/Twitter-Clone-1/backend/src/utils/api-error.js:20:12)
    at TweetService.toggleRetweet (file:///C:/Users/Abhishek/Desktop/LaunchMyTech/Twitter-Clone-1/backend/src/services/tweet.service.js:451:22)
    at process.processTicksAndRejections (node:internal/process/task_queues:105:5)
    at async file:///C:/Users/Abhishek/Desktop/LaunchMyTech/Twitter-Clone-1/backend/src/controllers/tweet.controller.js:114:20
2025-09-17 12:45:20 [ERROR]: Error: Cannot retweet your own tweet
    at ApiError.badRequest (file:///C:/Users/Abhishek/Desktop/LaunchMyTech/Twitter-Clone-1/backend/src/utils/api-error.js:20:12)
    at TweetService.toggleRetweet (file:///C:/Users/Abhishek/Desktop/LaunchMyTech/Twitter-Clone-1/backend/src/services/tweet.service.js:451:22)
    at process.processTicksAndRejections (node:internal/process/task_queues:105:5)
    at async file:///C:/Users/Abhishek/Desktop/LaunchMyTech/Twitter-Clone-1/backend/src/controllers/tweet.controller.js:114:20
2025-09-17 12:53:22 [WARN]: [404] Route /api/v1undefined?q=Ind&page=1&limit=20 not found - Method: GET - IP: ::ffff:192.168.183.157
2025-09-17 12:53:22 [ERROR]: Error: Route /api/v1undefined?q=Ind&page=1&limit=20 not found
    at ApiError.notFound (file:///C:/Users/Abhishek/Desktop/LaunchMyTech/Twitter-Clone-1/backend/src/utils/api-error.js:32:12)
    at notFound (file:///C:/Users/Abhishek/Desktop/LaunchMyTech/Twitter-Clone-1/backend/src/middleware/not-Found.middleware.js:15:17)
    at Layer.handle [as handle_request] (C:\Users\Abhishek\Desktop\LaunchMyTech\Twitter-Clone-1\backend\node_modules\express\lib\router\layer.js:95:5)
    at trim_prefix (C:\Users\Abhishek\Desktop\LaunchMyTech\Twitter-Clone-1\backend\node_modules\express\lib\router\index.js:328:13)
    at C:\Users\Abhishek\Desktop\LaunchMyTech\Twitter-Clone-1\backend\node_modules\express\lib\router\index.js:286:9
    at Function.process_params (C:\Users\Abhishek\Desktop\LaunchMyTech\Twitter-Clone-1\backend\node_modules\express\lib\router\index.js:346:12)
    at next (C:\Users\Abhishek\Desktop\LaunchMyTech\Twitter-Clone-1\backend\node_modules\express\lib\router\index.js:280:10)
    at logger (C:\Users\Abhishek\Desktop\LaunchMyTech\Twitter-Clone-1\backend\node_modules\morgan\index.js:144:5)
    at Layer.handle [as handle_request] (C:\Users\Abhishek\Desktop\LaunchMyTech\Twitter-Clone-1\backend\node_modules\express\lib\router\layer.js:95:5)
    at trim_prefix (C:\Users\Abhishek\Desktop\LaunchMyTech\Twitter-Clone-1\backend\node_modules\express\lib\router\index.js:328:13)
2025-09-17 12:53:22 [WARN]: [404] Route /api/v1undefined?q=Inde&page=1&limit=20 not found - Method: GET - IP: ::ffff:192.168.183.157
2025-09-17 12:53:22 [ERROR]: Error: Route /api/v1undefined?q=Inde&page=1&limit=20 not found
    at ApiError.notFound (file:///C:/Users/Abhishek/Desktop/LaunchMyTech/Twitter-Clone-1/backend/src/utils/api-error.js:32:12)
    at notFound (file:///C:/Users/Abhishek/Desktop/LaunchMyTech/Twitter-Clone-1/backend/src/middleware/not-Found.middleware.js:15:17)
    at Layer.handle [as handle_request] (C:\Users\Abhishek\Desktop\LaunchMyTech\Twitter-Clone-1\backend\node_modules\express\lib\router\layer.js:95:5)
    at trim_prefix (C:\Users\Abhishek\Desktop\LaunchMyTech\Twitter-Clone-1\backend\node_modules\express\lib\router\index.js:328:13)
    at C:\Users\Abhishek\Desktop\LaunchMyTech\Twitter-Clone-1\backend\node_modules\express\lib\router\index.js:286:9
    at Function.process_params (C:\Users\Abhishek\Desktop\LaunchMyTech\Twitter-Clone-1\backend\node_modules\express\lib\router\index.js:346:12)
    at next (C:\Users\Abhishek\Desktop\LaunchMyTech\Twitter-Clone-1\backend\node_modules\express\lib\router\index.js:280:10)
    at logger (C:\Users\Abhishek\Desktop\LaunchMyTech\Twitter-Clone-1\backend\node_modules\morgan\index.js:144:5)
    at Layer.handle [as handle_request] (C:\Users\Abhishek\Desktop\LaunchMyTech\Twitter-Clone-1\backend\node_modules\express\lib\router\layer.js:95:5)
    at trim_prefix (C:\Users\Abhishek\Desktop\LaunchMyTech\Twitter-Clone-1\backend\node_modules\express\lib\router\index.js:328:13)
2025-09-17 12:53:22 [WARN]: [404] Route /api/v1undefined?q=Indep&page=1&limit=20 not found - Method: GET - IP: ::ffff:192.168.183.157
2025-09-17 12:53:22 [ERROR]: Error: Route /api/v1undefined?q=Indep&page=1&limit=20 not found
    at ApiError.notFound (file:///C:/Users/Abhishek/Desktop/LaunchMyTech/Twitter-Clone-1/backend/src/utils/api-error.js:32:12)
    at notFound (file:///C:/Users/Abhishek/Desktop/LaunchMyTech/Twitter-Clone-1/backend/src/middleware/not-Found.middleware.js:15:17)
    at Layer.handle [as handle_request] (C:\Users\Abhishek\Desktop\LaunchMyTech\Twitter-Clone-1\backend\node_modules\express\lib\router\layer.js:95:5)
    at trim_prefix (C:\Users\Abhishek\Desktop\LaunchMyTech\Twitter-Clone-1\backend\node_modules\express\lib\router\index.js:328:13)
    at C:\Users\Abhishek\Desktop\LaunchMyTech\Twitter-Clone-1\backend\node_modules\express\lib\router\index.js:286:9
    at Function.process_params (C:\Users\Abhishek\Desktop\LaunchMyTech\Twitter-Clone-1\backend\node_modules\express\lib\router\index.js:346:12)
    at next (C:\Users\Abhishek\Desktop\LaunchMyTech\Twitter-Clone-1\backend\node_modules\express\lib\router\index.js:280:10)
    at logger (C:\Users\Abhishek\Desktop\LaunchMyTech\Twitter-Clone-1\backend\node_modules\morgan\index.js:144:5)
    at Layer.handle [as handle_request] (C:\Users\Abhishek\Desktop\LaunchMyTech\Twitter-Clone-1\backend\node_modules\express\lib\router\layer.js:95:5)
    at trim_prefix (C:\Users\Abhishek\Desktop\LaunchMyTech\Twitter-Clone-1\backend\node_modules\express\lib\router\index.js:328:13)
2025-09-17 12:53:22 [WARN]: [404] Route /api/v1undefined?q=Indepe&page=1&limit=20 not found - Method: GET - IP: ::ffff:192.168.183.157
2025-09-17 12:53:22 [ERROR]: Error: Route /api/v1undefined?q=Indepe&page=1&limit=20 not found
    at ApiError.notFound (file:///C:/Users/Abhishek/Desktop/LaunchMyTech/Twitter-Clone-1/backend/src/utils/api-error.js:32:12)
    at notFound (file:///C:/Users/Abhishek/Desktop/LaunchMyTech/Twitter-Clone-1/backend/src/middleware/not-Found.middleware.js:15:17)
    at Layer.handle [as handle_request] (C:\Users\Abhishek\Desktop\LaunchMyTech\Twitter-Clone-1\backend\node_modules\express\lib\router\layer.js:95:5)
    at trim_prefix (C:\Users\Abhishek\Desktop\LaunchMyTech\Twitter-Clone-1\backend\node_modules\express\lib\router\index.js:328:13)
    at C:\Users\Abhishek\Desktop\LaunchMyTech\Twitter-Clone-1\backend\node_modules\express\lib\router\index.js:286:9
    at Function.process_params (C:\Users\Abhishek\Desktop\LaunchMyTech\Twitter-Clone-1\backend\node_modules\express\lib\router\index.js:346:12)
    at next (C:\Users\Abhishek\Desktop\LaunchMyTech\Twitter-Clone-1\backend\node_modules\express\lib\router\index.js:280:10)
    at logger (C:\Users\Abhishek\Desktop\LaunchMyTech\Twitter-Clone-1\backend\node_modules\morgan\index.js:144:5)
    at Layer.handle [as handle_request] (C:\Users\Abhishek\Desktop\LaunchMyTech\Twitter-Clone-1\backend\node_modules\express\lib\router\layer.js:95:5)
    at trim_prefix (C:\Users\Abhishek\Desktop\LaunchMyTech\Twitter-Clone-1\backend\node_modules\express\lib\router\index.js:328:13)
2025-09-17 12:53:23 [WARN]: [404] Route /api/v1undefined?q=Indepen&page=1&limit=20 not found - Method: GET - IP: ::ffff:192.168.183.157
2025-09-17 12:53:23 [ERROR]: Error: Route /api/v1undefined?q=Indepen&page=1&limit=20 not found
    at ApiError.notFound (file:///C:/Users/Abhishek/Desktop/LaunchMyTech/Twitter-Clone-1/backend/src/utils/api-error.js:32:12)
    at notFound (file:///C:/Users/Abhishek/Desktop/LaunchMyTech/Twitter-Clone-1/backend/src/middleware/not-Found.middleware.js:15:17)
    at Layer.handle [as handle_request] (C:\Users\Abhishek\Desktop\LaunchMyTech\Twitter-Clone-1\backend\node_modules\express\lib\router\layer.js:95:5)
    at trim_prefix (C:\Users\Abhishek\Desktop\LaunchMyTech\Twitter-Clone-1\backend\node_modules\express\lib\router\index.js:328:13)
    at C:\Users\Abhishek\Desktop\LaunchMyTech\Twitter-Clone-1\backend\node_modules\express\lib\router\index.js:286:9
    at Function.process_params (C:\Users\Abhishek\Desktop\LaunchMyTech\Twitter-Clone-1\backend\node_modules\express\lib\router\index.js:346:12)
    at next (C:\Users\Abhishek\Desktop\LaunchMyTech\Twitter-Clone-1\backend\node_modules\express\lib\router\index.js:280:10)
    at logger (C:\Users\Abhishek\Desktop\LaunchMyTech\Twitter-Clone-1\backend\node_modules\morgan\index.js:144:5)
    at Layer.handle [as handle_request] (C:\Users\Abhishek\Desktop\LaunchMyTech\Twitter-Clone-1\backend\node_modules\express\lib\router\layer.js:95:5)
    at trim_prefix (C:\Users\Abhishek\Desktop\LaunchMyTech\Twitter-Clone-1\backend\node_modules\express\lib\router\index.js:328:13)
2025-09-17 12:53:23 [WARN]: [404] Route /api/v1undefined?q=Independ&page=1&limit=20 not found - Method: GET - IP: ::ffff:192.168.183.157
2025-09-17 12:53:23 [ERROR]: Error: Route /api/v1undefined?q=Independ&page=1&limit=20 not found
    at ApiError.notFound (file:///C:/Users/Abhishek/Desktop/LaunchMyTech/Twitter-Clone-1/backend/src/utils/api-error.js:32:12)
    at notFound (file:///C:/Users/Abhishek/Desktop/LaunchMyTech/Twitter-Clone-1/backend/src/middleware/not-Found.middleware.js:15:17)
    at Layer.handle [as handle_request] (C:\Users\Abhishek\Desktop\LaunchMyTech\Twitter-Clone-1\backend\node_modules\express\lib\router\layer.js:95:5)
    at trim_prefix (C:\Users\Abhishek\Desktop\LaunchMyTech\Twitter-Clone-1\backend\node_modules\express\lib\router\index.js:328:13)
    at C:\Users\Abhishek\Desktop\LaunchMyTech\Twitter-Clone-1\backend\node_modules\express\lib\router\index.js:286:9
    at Function.process_params (C:\Users\Abhishek\Desktop\LaunchMyTech\Twitter-Clone-1\backend\node_modules\express\lib\router\index.js:346:12)
    at next (C:\Users\Abhishek\Desktop\LaunchMyTech\Twitter-Clone-1\backend\node_modules\express\lib\router\index.js:280:10)
    at logger (C:\Users\Abhishek\Desktop\LaunchMyTech\Twitter-Clone-1\backend\node_modules\morgan\index.js:144:5)
    at Layer.handle [as handle_request] (C:\Users\Abhishek\Desktop\LaunchMyTech\Twitter-Clone-1\backend\node_modules\express\lib\router\layer.js:95:5)
    at trim_prefix (C:\Users\Abhishek\Desktop\LaunchMyTech\Twitter-Clone-1\backend\node_modules\express\lib\router\index.js:328:13)
2025-09-17 12:53:23 [WARN]: [404] Route /api/v1undefined?q=Independe&page=1&limit=20 not found - Method: GET - IP: ::ffff:192.168.183.157
2025-09-17 12:53:23 [ERROR]: Error: Route /api/v1undefined?q=Independe&page=1&limit=20 not found
    at ApiError.notFound (file:///C:/Users/Abhishek/Desktop/LaunchMyTech/Twitter-Clone-1/backend/src/utils/api-error.js:32:12)
    at notFound (file:///C:/Users/Abhishek/Desktop/LaunchMyTech/Twitter-Clone-1/backend/src/middleware/not-Found.middleware.js:15:17)
    at Layer.handle [as handle_request] (C:\Users\Abhishek\Desktop\LaunchMyTech\Twitter-Clone-1\backend\node_modules\express\lib\router\layer.js:95:5)
    at trim_prefix (C:\Users\Abhishek\Desktop\LaunchMyTech\Twitter-Clone-1\backend\node_modules\express\lib\router\index.js:328:13)
    at C:\Users\Abhishek\Desktop\LaunchMyTech\Twitter-Clone-1\backend\node_modules\express\lib\router\index.js:286:9
    at Function.process_params (C:\Users\Abhishek\Desktop\LaunchMyTech\Twitter-Clone-1\backend\node_modules\express\lib\router\index.js:346:12)
    at next (C:\Users\Abhishek\Desktop\LaunchMyTech\Twitter-Clone-1\backend\node_modules\express\lib\router\index.js:280:10)
    at logger (C:\Users\Abhishek\Desktop\LaunchMyTech\Twitter-Clone-1\backend\node_modules\morgan\index.js:144:5)
    at Layer.handle [as handle_request] (C:\Users\Abhishek\Desktop\LaunchMyTech\Twitter-Clone-1\backend\node_modules\express\lib\router\layer.js:95:5)
    at trim_prefix (C:\Users\Abhishek\Desktop\LaunchMyTech\Twitter-Clone-1\backend\node_modules\express\lib\router\index.js:328:13)
2025-09-17 12:53:24 [WARN]: [404] Route /api/v1undefined?q=Independence&page=1&limit=20 not found - Method: GET - IP: ::ffff:192.168.183.157
2025-09-17 12:53:24 [ERROR]: Error: Route /api/v1undefined?q=Independence&page=1&limit=20 not found
    at ApiError.notFound (file:///C:/Users/Abhishek/Desktop/LaunchMyTech/Twitter-Clone-1/backend/src/utils/api-error.js:32:12)
    at notFound (file:///C:/Users/Abhishek/Desktop/LaunchMyTech/Twitter-Clone-1/backend/src/middleware/not-Found.middleware.js:15:17)
    at Layer.handle [as handle_request] (C:\Users\Abhishek\Desktop\LaunchMyTech\Twitter-Clone-1\backend\node_modules\express\lib\router\layer.js:95:5)
    at trim_prefix (C:\Users\Abhishek\Desktop\LaunchMyTech\Twitter-Clone-1\backend\node_modules\express\lib\router\index.js:328:13)
    at C:\Users\Abhishek\Desktop\LaunchMyTech\Twitter-Clone-1\backend\node_modules\express\lib\router\index.js:286:9
    at Function.process_params (C:\Users\Abhishek\Desktop\LaunchMyTech\Twitter-Clone-1\backend\node_modules\express\lib\router\index.js:346:12)
    at next (C:\Users\Abhishek\Desktop\LaunchMyTech\Twitter-Clone-1\backend\node_modules\express\lib\router\index.js:280:10)
    at logger (C:\Users\Abhishek\Desktop\LaunchMyTech\Twitter-Clone-1\backend\node_modules\morgan\index.js:144:5)
    at Layer.handle [as handle_request] (C:\Users\Abhishek\Desktop\LaunchMyTech\Twitter-Clone-1\backend\node_modules\express\lib\router\layer.js:95:5)
    at trim_prefix (C:\Users\Abhishek\Desktop\LaunchMyTech\Twitter-Clone-1\backend\node_modules\express\lib\router\index.js:328:13)
2025-09-17 12:53:26 [WARN]: [404] Route /api/v1undefined?q=Independenc&page=1&limit=20 not found - Method: GET - IP: ::ffff:192.168.183.157
2025-09-17 12:53:26 [ERROR]: Error: Route /api/v1undefined?q=Independenc&page=1&limit=20 not found
    at ApiError.notFound (file:///C:/Users/Abhishek/Desktop/LaunchMyTech/Twitter-Clone-1/backend/src/utils/api-error.js:32:12)
    at notFound (file:///C:/Users/Abhishek/Desktop/LaunchMyTech/Twitter-Clone-1/backend/src/middleware/not-Found.middleware.js:15:17)
    at Layer.handle [as handle_request] (C:\Users\Abhishek\Desktop\LaunchMyTech\Twitter-Clone-1\backend\node_modules\express\lib\router\layer.js:95:5)
    at trim_prefix (C:\Users\Abhishek\Desktop\LaunchMyTech\Twitter-Clone-1\backend\node_modules\express\lib\router\index.js:328:13)
    at C:\Users\Abhishek\Desktop\LaunchMyTech\Twitter-Clone-1\backend\node_modules\express\lib\router\index.js:286:9
    at Function.process_params (C:\Users\Abhishek\Desktop\LaunchMyTech\Twitter-Clone-1\backend\node_modules\express\lib\router\index.js:346:12)
    at next (C:\Users\Abhishek\Desktop\LaunchMyTech\Twitter-Clone-1\backend\node_modules\express\lib\router\index.js:280:10)
    at logger (C:\Users\Abhishek\Desktop\LaunchMyTech\Twitter-Clone-1\backend\node_modules\morgan\index.js:144:5)
    at Layer.handle [as handle_request] (C:\Users\Abhishek\Desktop\LaunchMyTech\Twitter-Clone-1\backend\node_modules\express\lib\router\layer.js:95:5)
    at trim_prefix (C:\Users\Abhishek\Desktop\LaunchMyTech\Twitter-Clone-1\backend\node_modules\express\lib\router\index.js:328:13)
2025-09-17 12:56:20 [INFO]: SIGINT received, shutting down
2025-09-17 12:56:25 [INFO]: ✅ Dev DB connected: 127.0.0.1:27017
2025-09-17 12:56:25 [INFO]: Server started on port 5000
2025-09-17 12:56:33 [INFO]: New session created for user: 68b6749701dd3095d7b93447
2025-09-17 12:56:33 [INFO]: User logged in: batman@gmail.com
2025-09-17 13:02:31 [INFO]: SIGINT received, shutting down
2025-09-17 13:02:52 [INFO]: ✅ Dev DB connected: 127.0.0.1:27017
2025-09-17 13:02:52 [INFO]: Server started on port 5000
2025-09-17 13:02:55 [INFO]: Session ended for user: 68b6749701dd3095d7b93447, tokenId=1ffdf2a6-a851-4145-b2d2-19970716c26e
2025-09-17 13:02:55 [INFO]: User logged out: batman@gmail.com
2025-09-17 13:02:55 [WARN]: No active session found for user: 68b6749701dd3095d7b93447
2025-09-17 13:02:56 [WARN]: No active session found for user: 68b6749701dd3095d7b93447
2025-09-17 13:03:17 [INFO]: New session created for user: 68b6749701dd3095d7b93447
2025-09-17 13:03:17 [INFO]: User logged in: batman@gmail.com
2025-09-17 13:04:00 [INFO]: Session ended for user: 68b6749701dd3095d7b93447, tokenId=7e71b85d-c45b-431e-a6c8-8f1c3bc33702
2025-09-17 13:04:00 [INFO]: User logged out: batman@gmail.com
2025-09-17 13:04:13 [INFO]: New session created for user: 68b6749701dd3095d7b93447
2025-09-17 13:04:13 [INFO]: User logged in: batman@gmail.com
2025-09-17 13:10:06 [ERROR]: Error: Tweet not found
    at ApiError.notFound (file:///C:/Users/Abhishek/Desktop/LaunchMyTech/Twitter-Clone-1/backend/src/utils/api-error.js:32:12)
    at TweetService.getTweetById (file:///C:/Users/Abhishek/Desktop/LaunchMyTech/Twitter-Clone-1/backend/src/services/tweet.service.js:143:32)
    at process.processTicksAndRejections (node:internal/process/task_queues:105:5)
    at async file:///C:/Users/Abhishek/Desktop/LaunchMyTech/Twitter-Clone-1/backend/src/controllers/tweet.controller.js:90:19
2025-09-17 13:20:00 [ERROR]: Error: Tweet not found
    at ApiError.notFound (file:///C:/Users/Abhishek/Desktop/LaunchMyTech/Twitter-Clone-1/backend/src/utils/api-error.js:32:12)
    at TweetService.getTweetById (file:///C:/Users/Abhishek/Desktop/LaunchMyTech/Twitter-Clone-1/backend/src/services/tweet.service.js:143:32)
    at process.processTicksAndRejections (node:internal/process/task_queues:105:5)
    at async file:///C:/Users/Abhishek/Desktop/LaunchMyTech/Twitter-Clone-1/backend/src/controllers/tweet.controller.js:90:19
2025-09-17 13:20:03 [ERROR]: Error: Tweet not found or has been deleted
    at ApiError.notFound (file:///C:/Users/Abhishek/Desktop/LaunchMyTech/Twitter-Clone-1/backend/src/utils/api-error.js:32:12)
    at TweetService.toggleLike (file:///C:/Users/Abhishek/Desktop/LaunchMyTech/Twitter-Clone-1/backend/src/services/tweet.service.js:426:22)
    at process.processTicksAndRejections (node:internal/process/task_queues:105:5)
    at async file:///C:/Users/Abhishek/Desktop/LaunchMyTech/Twitter-Clone-1/backend/src/controllers/tweet.controller.js:105:20
2025-09-17 13:20:09 [ERROR]: Error: Tweet not found or has been deleted
    at ApiError.notFound (file:///C:/Users/Abhishek/Desktop/LaunchMyTech/Twitter-Clone-1/backend/src/utils/api-error.js:32:12)
    at TweetService.toggleLike (file:///C:/Users/Abhishek/Desktop/LaunchMyTech/Twitter-Clone-1/backend/src/services/tweet.service.js:426:22)
    at process.processTicksAndRejections (node:internal/process/task_queues:105:5)
    at async file:///C:/Users/Abhishek/Desktop/LaunchMyTech/Twitter-Clone-1/backend/src/controllers/tweet.controller.js:105:20
2025-09-17 16:28:28 [INFO]: Comment 68c500dc5a9f79b73a2d48f5 and its replies deleted by user 68b6749701dd3095d7b93447
2025-09-17 16:29:10 [INFO]: Tweet created by user 68b6749701dd3095d7b93447: 68ca947e6932f0ebda766d5d
2025-09-17 16:29:27 [INFO]: Tweet created by user 68b6749701dd3095d7b93447: 68ca948f6932f0ebda766d7a
2025-09-17 16:29:50 [INFO]: Tweet created by user 68b6749701dd3095d7b93447: 68ca94a66932f0ebda766d9e
2025-09-17 16:30:09 [INFO]: Refresh token rotated for user=68b6749701dd3095d7b93447, tokenId=8dcb69e9-adbb-48c6-8ee4-a76c249e265d
2025-09-17 16:30:09 [INFO]: Access token refreshed
2025-09-17 16:30:26 [INFO]: Session ended for user: 68b6749701dd3095d7b93447, tokenId=2343f032-d03d-4b7d-b6e2-ed677b29af67
2025-09-17 16:30:26 [INFO]: User logged out: batman@gmail.com
2025-09-17 16:30:37 [INFO]: New session created for user: 68c3b7379d7cfba80f558a09
2025-09-17 16:30:37 [INFO]: User logged in: spider@example.com
2025-09-17 16:30:50 [INFO]: Tweet created by user 68c3b7379d7cfba80f558a09: 68ca94e26932f0ebda766e32
2025-09-17 16:40:47 [INFO]: Session ended for user: 68c3b7379d7cfba80f558a09, tokenId=5d99258b-636e-45eb-868b-0b285c1dd47a
2025-09-17 16:40:47 [INFO]: User logged out: spider@example.com
2025-09-17 16:40:57 [INFO]: New session created for user: 68b6749701dd3095d7b93447
2025-09-17 16:40:57 [INFO]: User logged in: batman@gmail.com
2025-09-17 17:27:04 [INFO]: ✅ Dev DB connected: 127.0.0.1:27017
2025-09-17 17:27:04 [INFO]: Server started on port 5000
2025-09-18 21:37:38 [INFO]: ✅ Dev DB connected: 127.0.0.1:27017
2025-09-18 21:37:38 [INFO]: Server started on port 5000
2025-09-18 21:39:32 [ERROR]: Error: Your session has expired
    at ApiError.unauthorized (file:///C:/Users/Abhishek/Desktop/LaunchMyTech/Twitter-Clone-1/backend/src/utils/api-error.js:24:12)
    at AuthService.validateToken (file:///C:/Users/Abhishek/Desktop/LaunchMyTech/Twitter-Clone-1/backend/src/services/auth.service.js:40:24)
    at file:///C:/Users/Abhishek/Desktop/LaunchMyTech/Twitter-Clone-1/backend/src/middleware/auth.middleware.js:26:29
    at file:///C:/Users/Abhishek/Desktop/LaunchMyTech/Twitter-Clone-1/backend/src/utils/async-handler.js:6:19
    at Layer.handle [as handle_request] (C:\Users\Abhishek\Desktop\LaunchMyTech\Twitter-Clone-1\backend\node_modules\express\lib\router\layer.js:95:5)
    at trim_prefix (C:\Users\Abhishek\Desktop\LaunchMyTech\Twitter-Clone-1\backend\node_modules\express\lib\router\index.js:328:13)
    at C:\Users\Abhishek\Desktop\LaunchMyTech\Twitter-Clone-1\backend\node_modules\express\lib\router\index.js:286:9
    at Function.process_params (C:\Users\Abhishek\Desktop\LaunchMyTech\Twitter-Clone-1\backend\node_modules\express\lib\router\index.js:346:12)
    at next (C:\Users\Abhishek\Desktop\LaunchMyTech\Twitter-Clone-1\backend\node_modules\express\lib\router\index.js:280:10)
    at Function.handle (C:\Users\Abhishek\Desktop\LaunchMyTech\Twitter-Clone-1\backend\node_modules\express\lib\router\index.js:175:3)
2025-09-18 21:39:32 [INFO]: Refresh token rotated for user=68b6749701dd3095d7b93447, tokenId=8f1be4c2-f6cb-4c10-bb7e-c4cf5fd77c0b
2025-09-18 21:39:32 [INFO]: Access token refreshed
2025-09-18 21:58:03 [ERROR]: Error: Your session has expired
    at ApiError.unauthorized (file:///C:/Users/Abhishek/Desktop/LaunchMyTech/Twitter-Clone-1/backend/src/utils/api-error.js:24:12)
    at AuthService.validateToken (file:///C:/Users/Abhishek/Desktop/LaunchMyTech/Twitter-Clone-1/backend/src/services/auth.service.js:40:24)
    at file:///C:/Users/Abhishek/Desktop/LaunchMyTech/Twitter-Clone-1/backend/src/middleware/auth.middleware.js:26:29
    at file:///C:/Users/Abhishek/Desktop/LaunchMyTech/Twitter-Clone-1/backend/src/utils/async-handler.js:6:19
    at Layer.handle [as handle_request] (C:\Users\Abhishek\Desktop\LaunchMyTech\Twitter-Clone-1\backend\node_modules\express\lib\router\layer.js:95:5)
    at trim_prefix (C:\Users\Abhishek\Desktop\LaunchMyTech\Twitter-Clone-1\backend\node_modules\express\lib\router\index.js:328:13)
    at C:\Users\Abhishek\Desktop\LaunchMyTech\Twitter-Clone-1\backend\node_modules\express\lib\router\index.js:286:9
    at Function.process_params (C:\Users\Abhishek\Desktop\LaunchMyTech\Twitter-Clone-1\backend\node_modules\express\lib\router\index.js:346:12)
    at next (C:\Users\Abhishek\Desktop\LaunchMyTech\Twitter-Clone-1\backend\node_modules\express\lib\router\index.js:280:10)
    at Function.handle (C:\Users\Abhishek\Desktop\LaunchMyTech\Twitter-Clone-1\backend\node_modules\express\lib\router\index.js:175:3)
2025-09-18 21:58:11 [INFO]: Refresh token rotated for user=68b6749701dd3095d7b93447, tokenId=07ffdc86-0b8d-49ef-8d14-d283c27de725
2025-09-18 21:58:11 [INFO]: Access token refreshed
2025-09-18 22:07:16 [INFO]: All sessions ended for user: 68b6749701dd3095d7b93447 (10 devices)
2025-09-18 22:07:16 [INFO]: User logged out from all devices: batman@gmail.com (10 sessions)
2025-09-18 22:08:24 [INFO]: New session created for user: 68c3b7379d7cfba80f558a09
2025-09-18 22:08:24 [INFO]: User logged in: spider@example.com
2025-09-18 22:21:23 [INFO]: ✅ Dev DB connected: 127.0.0.1:27017
2025-09-18 22:21:23 [INFO]: Server started on port 5000
2025-09-18 22:32:10 [INFO]: ✅ Dev DB connected: 127.0.0.1:27017
2025-09-18 22:32:10 [INFO]: Server started on port 5000
2025-09-18 22:43:44 [INFO]: ✅ Dev DB connected: 127.0.0.1:27017
2025-09-18 22:43:44 [INFO]: Server started on port 5000
