2025-09-17 12:07:48 [ERROR]: Error: Route /api/v1undefined?q=Spi&page=1&limit=20 not found
    at ApiError.notFound (file:///C:/Users/Abhishek/Desktop/LaunchMyTech/Twitter-Clone-1/backend/src/utils/api-error.js:32:12)
    at notFound (file:///C:/Users/Abhishek/Desktop/LaunchMyTech/Twitter-Clone-1/backend/src/middleware/not-Found.middleware.js:15:17)
    at Layer.handle [as handle_request] (C:\Users\Abhishek\Desktop\LaunchMyTech\Twitter-Clone-1\backend\node_modules\express\lib\router\layer.js:95:5)
    at trim_prefix (C:\Users\Abhishek\Desktop\LaunchMyTech\Twitter-Clone-1\backend\node_modules\express\lib\router\index.js:328:13)
    at C:\Users\Abhishek\Desktop\LaunchMyTech\Twitter-Clone-1\backend\node_modules\express\lib\router\index.js:286:9
    at Function.process_params (C:\Users\Abhishek\Desktop\LaunchMyTech\Twitter-Clone-1\backend\node_modules\express\lib\router\index.js:346:12)
    at next (C:\Users\Abhishek\Desktop\LaunchMyTech\Twitter-Clone-1\backend\node_modules\express\lib\router\index.js:280:10)
    at logger (C:\Users\Abhishek\Desktop\LaunchMyTech\Twitter-Clone-1\backend\node_modules\morgan\index.js:144:5)
    at Layer.handle [as handle_request] (C:\Users\Abhishek\Desktop\LaunchMyTech\Twitter-Clone-1\backend\node_modules\express\lib\router\layer.js:95:5)
    at trim_prefix (C:\Users\Abhishek\Desktop\LaunchMyTech\Twitter-Clone-1\backend\node_modules\express\lib\router\index.js:328:13)
2025-09-17 12:07:49 [ERROR]: Error: Route /api/v1undefined?q=Spid&page=1&limit=20 not found
    at ApiError.notFound (file:///C:/Users/Abhishek/Desktop/LaunchMyTech/Twitter-Clone-1/backend/src/utils/api-error.js:32:12)
    at notFound (file:///C:/Users/Abhishek/Desktop/LaunchMyTech/Twitter-Clone-1/backend/src/middleware/not-Found.middleware.js:15:17)
    at Layer.handle [as handle_request] (C:\Users\Abhishek\Desktop\LaunchMyTech\Twitter-Clone-1\backend\node_modules\express\lib\router\layer.js:95:5)
    at trim_prefix (C:\Users\Abhishek\Desktop\LaunchMyTech\Twitter-Clone-1\backend\node_modules\express\lib\router\index.js:328:13)
    at C:\Users\Abhishek\Desktop\LaunchMyTech\Twitter-Clone-1\backend\node_modules\express\lib\router\index.js:286:9
    at Function.process_params (C:\Users\Abhishek\Desktop\LaunchMyTech\Twitter-Clone-1\backend\node_modules\express\lib\router\index.js:346:12)
    at next (C:\Users\Abhishek\Desktop\LaunchMyTech\Twitter-Clone-1\backend\node_modules\express\lib\router\index.js:280:10)
    at logger (C:\Users\Abhishek\Desktop\LaunchMyTech\Twitter-Clone-1\backend\node_modules\morgan\index.js:144:5)
    at Layer.handle [as handle_request] (C:\Users\Abhishek\Desktop\LaunchMyTech\Twitter-Clone-1\backend\node_modules\express\lib\router\layer.js:95:5)
    at trim_prefix (C:\Users\Abhishek\Desktop\LaunchMyTech\Twitter-Clone-1\backend\node_modules\express\lib\router\index.js:328:13)
2025-09-17 12:07:49 [ERROR]: Error: Route /api/v1undefined?q=Spide&page=1&limit=20 not found
    at ApiError.notFound (file:///C:/Users/Abhishek/Desktop/LaunchMyTech/Twitter-Clone-1/backend/src/utils/api-error.js:32:12)
    at notFound (file:///C:/Users/Abhishek/Desktop/LaunchMyTech/Twitter-Clone-1/backend/src/middleware/not-Found.middleware.js:15:17)
    at Layer.handle [as handle_request] (C:\Users\Abhishek\Desktop\LaunchMyTech\Twitter-Clone-1\backend\node_modules\express\lib\router\layer.js:95:5)
    at trim_prefix (C:\Users\Abhishek\Desktop\LaunchMyTech\Twitter-Clone-1\backend\node_modules\express\lib\router\index.js:328:13)
    at C:\Users\Abhishek\Desktop\LaunchMyTech\Twitter-Clone-1\backend\node_modules\express\lib\router\index.js:286:9
    at Function.process_params (C:\Users\Abhishek\Desktop\LaunchMyTech\Twitter-Clone-1\backend\node_modules\express\lib\router\index.js:346:12)
    at next (C:\Users\Abhishek\Desktop\LaunchMyTech\Twitter-Clone-1\backend\node_modules\express\lib\router\index.js:280:10)
    at logger (C:\Users\Abhishek\Desktop\LaunchMyTech\Twitter-Clone-1\backend\node_modules\morgan\index.js:144:5)
    at Layer.handle [as handle_request] (C:\Users\Abhishek\Desktop\LaunchMyTech\Twitter-Clone-1\backend\node_modules\express\lib\router\layer.js:95:5)
    at trim_prefix (C:\Users\Abhishek\Desktop\LaunchMyTech\Twitter-Clone-1\backend\node_modules\express\lib\router\index.js:328:13)
2025-09-17 12:07:49 [ERROR]: Error: Route /api/v1undefined?q=Spider&page=1&limit=20 not found
    at ApiError.notFound (file:///C:/Users/Abhishek/Desktop/LaunchMyTech/Twitter-Clone-1/backend/src/utils/api-error.js:32:12)
    at notFound (file:///C:/Users/Abhishek/Desktop/LaunchMyTech/Twitter-Clone-1/backend/src/middleware/not-Found.middleware.js:15:17)
    at Layer.handle [as handle_request] (C:\Users\Abhishek\Desktop\LaunchMyTech\Twitter-Clone-1\backend\node_modules\express\lib\router\layer.js:95:5)
    at trim_prefix (C:\Users\Abhishek\Desktop\LaunchMyTech\Twitter-Clone-1\backend\node_modules\express\lib\router\index.js:328:13)
    at C:\Users\Abhishek\Desktop\LaunchMyTech\Twitter-Clone-1\backend\node_modules\express\lib\router\index.js:286:9
    at Function.process_params (C:\Users\Abhishek\Desktop\LaunchMyTech\Twitter-Clone-1\backend\node_modules\express\lib\router\index.js:346:12)
    at next (C:\Users\Abhishek\Desktop\LaunchMyTech\Twitter-Clone-1\backend\node_modules\express\lib\router\index.js:280:10)
    at logger (C:\Users\Abhishek\Desktop\LaunchMyTech\Twitter-Clone-1\backend\node_modules\morgan\index.js:144:5)
    at Layer.handle [as handle_request] (C:\Users\Abhishek\Desktop\LaunchMyTech\Twitter-Clone-1\backend\node_modules\express\lib\router\layer.js:95:5)
    at trim_prefix (C:\Users\Abhishek\Desktop\LaunchMyTech\Twitter-Clone-1\backend\node_modules\express\lib\router\index.js:328:13)
2025-09-17 12:34:48 [ERROR]: Error: Validation failed
    at ApiError.validation (file:///C:/Users/Abhishek/Desktop/LaunchMyTech/Twitter-Clone-1/backend/src/utils/api-error.js:40:19)
    at file:///C:/Users/Abhishek/Desktop/LaunchMyTech/Twitter-Clone-1/backend/src/middleware/validation.middleware.js:24:22
    at Layer.handle [as handle_request] (C:\Users\Abhishek\Desktop\LaunchMyTech\Twitter-Clone-1\backend\node_modules\express\lib\router\layer.js:95:5)
    at next (C:\Users\Abhishek\Desktop\LaunchMyTech\Twitter-Clone-1\backend\node_modules\express\lib\router\route.js:149:13)
    at Route.dispatch (C:\Users\Abhishek\Desktop\LaunchMyTech\Twitter-Clone-1\backend\node_modules\express\lib\router\route.js:119:3)
    at Layer.handle [as handle_request] (C:\Users\Abhishek\Desktop\LaunchMyTech\Twitter-Clone-1\backend\node_modules\express\lib\router\layer.js:95:5)
    at C:\Users\Abhishek\Desktop\LaunchMyTech\Twitter-Clone-1\backend\node_modules\express\lib\router\index.js:284:15
    at param (C:\Users\Abhishek\Desktop\LaunchMyTech\Twitter-Clone-1\backend\node_modules\express\lib\router\index.js:365:14)
    at param (C:\Users\Abhishek\Desktop\LaunchMyTech\Twitter-Clone-1\backend\node_modules\express\lib\router\index.js:376:14)
    at Function.process_params (C:\Users\Abhishek\Desktop\LaunchMyTech\Twitter-Clone-1\backend\node_modules\express\lib\router\index.js:421:3)
2025-09-17 12:43:34 [ERROR]: Error: Tweet not found or has been deleted
    at ApiError.notFound (file:///C:/Users/Abhishek/Desktop/LaunchMyTech/Twitter-Clone-1/backend/src/utils/api-error.js:32:12)
    at TweetService.toggleRetweet (file:///C:/Users/Abhishek/Desktop/LaunchMyTech/Twitter-Clone-1/backend/src/services/tweet.service.js:447:22)
    at process.processTicksAndRejections (node:internal/process/task_queues:105:5)
    at async file:///C:/Users/Abhishek/Desktop/LaunchMyTech/Twitter-Clone-1/backend/src/controllers/tweet.controller.js:114:20
2025-09-17 12:43:49 [ERROR]: Error: Cannot retweet your own tweet
    at ApiError.badRequest (file:///C:/Users/Abhishek/Desktop/LaunchMyTech/Twitter-Clone-1/backend/src/utils/api-error.js:20:12)
    at TweetService.toggleRetweet (file:///C:/Users/Abhishek/Desktop/LaunchMyTech/Twitter-Clone-1/backend/src/services/tweet.service.js:451:22)
    at process.processTicksAndRejections (node:internal/process/task_queues:105:5)
    at async file:///C:/Users/Abhishek/Desktop/LaunchMyTech/Twitter-Clone-1/backend/src/controllers/tweet.controller.js:114:20
2025-09-17 12:43:52 [ERROR]: Error: Cannot retweet your own tweet
    at ApiError.badRequest (file:///C:/Users/Abhishek/Desktop/LaunchMyTech/Twitter-Clone-1/backend/src/utils/api-error.js:20:12)
    at TweetService.toggleRetweet (file:///C:/Users/Abhishek/Desktop/LaunchMyTech/Twitter-Clone-1/backend/src/services/tweet.service.js:451:22)
    at process.processTicksAndRejections (node:internal/process/task_queues:105:5)
    at async file:///C:/Users/Abhishek/Desktop/LaunchMyTech/Twitter-Clone-1/backend/src/controllers/tweet.controller.js:114:20
2025-09-17 12:44:06 [ERROR]: Error: Cannot retweet your own tweet
    at ApiError.badRequest (file:///C:/Users/Abhishek/Desktop/LaunchMyTech/Twitter-Clone-1/backend/src/utils/api-error.js:20:12)
    at TweetService.toggleRetweet (file:///C:/Users/Abhishek/Desktop/LaunchMyTech/Twitter-Clone-1/backend/src/services/tweet.service.js:451:22)
    at process.processTicksAndRejections (node:internal/process/task_queues:105:5)
    at async file:///C:/Users/Abhishek/Desktop/LaunchMyTech/Twitter-Clone-1/backend/src/controllers/tweet.controller.js:114:20
2025-09-17 12:45:17 [ERROR]: Error: Cannot retweet your own tweet
    at ApiError.badRequest (file:///C:/Users/Abhishek/Desktop/LaunchMyTech/Twitter-Clone-1/backend/src/utils/api-error.js:20:12)
    at TweetService.toggleRetweet (file:///C:/Users/Abhishek/Desktop/LaunchMyTech/Twitter-Clone-1/backend/src/services/tweet.service.js:451:22)
    at process.processTicksAndRejections (node:internal/process/task_queues:105:5)
    at async file:///C:/Users/Abhishek/Desktop/LaunchMyTech/Twitter-Clone-1/backend/src/controllers/tweet.controller.js:114:20
2025-09-17 12:45:20 [ERROR]: Error: Cannot retweet your own tweet
    at ApiError.badRequest (file:///C:/Users/Abhishek/Desktop/LaunchMyTech/Twitter-Clone-1/backend/src/utils/api-error.js:20:12)
    at TweetService.toggleRetweet (file:///C:/Users/Abhishek/Desktop/LaunchMyTech/Twitter-Clone-1/backend/src/services/tweet.service.js:451:22)
    at process.processTicksAndRejections (node:internal/process/task_queues:105:5)
    at async file:///C:/Users/Abhishek/Desktop/LaunchMyTech/Twitter-Clone-1/backend/src/controllers/tweet.controller.js:114:20
2025-09-17 12:53:22 [ERROR]: Error: Route /api/v1undefined?q=Ind&page=1&limit=20 not found
    at ApiError.notFound (file:///C:/Users/Abhishek/Desktop/LaunchMyTech/Twitter-Clone-1/backend/src/utils/api-error.js:32:12)
    at notFound (file:///C:/Users/Abhishek/Desktop/LaunchMyTech/Twitter-Clone-1/backend/src/middleware/not-Found.middleware.js:15:17)
    at Layer.handle [as handle_request] (C:\Users\Abhishek\Desktop\LaunchMyTech\Twitter-Clone-1\backend\node_modules\express\lib\router\layer.js:95:5)
    at trim_prefix (C:\Users\Abhishek\Desktop\LaunchMyTech\Twitter-Clone-1\backend\node_modules\express\lib\router\index.js:328:13)
    at C:\Users\Abhishek\Desktop\LaunchMyTech\Twitter-Clone-1\backend\node_modules\express\lib\router\index.js:286:9
    at Function.process_params (C:\Users\Abhishek\Desktop\LaunchMyTech\Twitter-Clone-1\backend\node_modules\express\lib\router\index.js:346:12)
    at next (C:\Users\Abhishek\Desktop\LaunchMyTech\Twitter-Clone-1\backend\node_modules\express\lib\router\index.js:280:10)
    at logger (C:\Users\Abhishek\Desktop\LaunchMyTech\Twitter-Clone-1\backend\node_modules\morgan\index.js:144:5)
    at Layer.handle [as handle_request] (C:\Users\Abhishek\Desktop\LaunchMyTech\Twitter-Clone-1\backend\node_modules\express\lib\router\layer.js:95:5)
    at trim_prefix (C:\Users\Abhishek\Desktop\LaunchMyTech\Twitter-Clone-1\backend\node_modules\express\lib\router\index.js:328:13)
2025-09-17 12:53:22 [ERROR]: Error: Route /api/v1undefined?q=Inde&page=1&limit=20 not found
    at ApiError.notFound (file:///C:/Users/Abhishek/Desktop/LaunchMyTech/Twitter-Clone-1/backend/src/utils/api-error.js:32:12)
    at notFound (file:///C:/Users/Abhishek/Desktop/LaunchMyTech/Twitter-Clone-1/backend/src/middleware/not-Found.middleware.js:15:17)
    at Layer.handle [as handle_request] (C:\Users\Abhishek\Desktop\LaunchMyTech\Twitter-Clone-1\backend\node_modules\express\lib\router\layer.js:95:5)
    at trim_prefix (C:\Users\Abhishek\Desktop\LaunchMyTech\Twitter-Clone-1\backend\node_modules\express\lib\router\index.js:328:13)
    at C:\Users\Abhishek\Desktop\LaunchMyTech\Twitter-Clone-1\backend\node_modules\express\lib\router\index.js:286:9
    at Function.process_params (C:\Users\Abhishek\Desktop\LaunchMyTech\Twitter-Clone-1\backend\node_modules\express\lib\router\index.js:346:12)
    at next (C:\Users\Abhishek\Desktop\LaunchMyTech\Twitter-Clone-1\backend\node_modules\express\lib\router\index.js:280:10)
    at logger (C:\Users\Abhishek\Desktop\LaunchMyTech\Twitter-Clone-1\backend\node_modules\morgan\index.js:144:5)
    at Layer.handle [as handle_request] (C:\Users\Abhishek\Desktop\LaunchMyTech\Twitter-Clone-1\backend\node_modules\express\lib\router\layer.js:95:5)
    at trim_prefix (C:\Users\Abhishek\Desktop\LaunchMyTech\Twitter-Clone-1\backend\node_modules\express\lib\router\index.js:328:13)
2025-09-17 12:53:22 [ERROR]: Error: Route /api/v1undefined?q=Indep&page=1&limit=20 not found
    at ApiError.notFound (file:///C:/Users/Abhishek/Desktop/LaunchMyTech/Twitter-Clone-1/backend/src/utils/api-error.js:32:12)
    at notFound (file:///C:/Users/Abhishek/Desktop/LaunchMyTech/Twitter-Clone-1/backend/src/middleware/not-Found.middleware.js:15:17)
    at Layer.handle [as handle_request] (C:\Users\Abhishek\Desktop\LaunchMyTech\Twitter-Clone-1\backend\node_modules\express\lib\router\layer.js:95:5)
    at trim_prefix (C:\Users\Abhishek\Desktop\LaunchMyTech\Twitter-Clone-1\backend\node_modules\express\lib\router\index.js:328:13)
    at C:\Users\Abhishek\Desktop\LaunchMyTech\Twitter-Clone-1\backend\node_modules\express\lib\router\index.js:286:9
    at Function.process_params (C:\Users\Abhishek\Desktop\LaunchMyTech\Twitter-Clone-1\backend\node_modules\express\lib\router\index.js:346:12)
    at next (C:\Users\Abhishek\Desktop\LaunchMyTech\Twitter-Clone-1\backend\node_modules\express\lib\router\index.js:280:10)
    at logger (C:\Users\Abhishek\Desktop\LaunchMyTech\Twitter-Clone-1\backend\node_modules\morgan\index.js:144:5)
    at Layer.handle [as handle_request] (C:\Users\Abhishek\Desktop\LaunchMyTech\Twitter-Clone-1\backend\node_modules\express\lib\router\layer.js:95:5)
    at trim_prefix (C:\Users\Abhishek\Desktop\LaunchMyTech\Twitter-Clone-1\backend\node_modules\express\lib\router\index.js:328:13)
2025-09-17 12:53:22 [ERROR]: Error: Route /api/v1undefined?q=Indepe&page=1&limit=20 not found
    at ApiError.notFound (file:///C:/Users/Abhishek/Desktop/LaunchMyTech/Twitter-Clone-1/backend/src/utils/api-error.js:32:12)
    at notFound (file:///C:/Users/Abhishek/Desktop/LaunchMyTech/Twitter-Clone-1/backend/src/middleware/not-Found.middleware.js:15:17)
    at Layer.handle [as handle_request] (C:\Users\Abhishek\Desktop\LaunchMyTech\Twitter-Clone-1\backend\node_modules\express\lib\router\layer.js:95:5)
    at trim_prefix (C:\Users\Abhishek\Desktop\LaunchMyTech\Twitter-Clone-1\backend\node_modules\express\lib\router\index.js:328:13)
    at C:\Users\Abhishek\Desktop\LaunchMyTech\Twitter-Clone-1\backend\node_modules\express\lib\router\index.js:286:9
    at Function.process_params (C:\Users\Abhishek\Desktop\LaunchMyTech\Twitter-Clone-1\backend\node_modules\express\lib\router\index.js:346:12)
    at next (C:\Users\Abhishek\Desktop\LaunchMyTech\Twitter-Clone-1\backend\node_modules\express\lib\router\index.js:280:10)
    at logger (C:\Users\Abhishek\Desktop\LaunchMyTech\Twitter-Clone-1\backend\node_modules\morgan\index.js:144:5)
    at Layer.handle [as handle_request] (C:\Users\Abhishek\Desktop\LaunchMyTech\Twitter-Clone-1\backend\node_modules\express\lib\router\layer.js:95:5)
    at trim_prefix (C:\Users\Abhishek\Desktop\LaunchMyTech\Twitter-Clone-1\backend\node_modules\express\lib\router\index.js:328:13)
2025-09-17 12:53:23 [ERROR]: Error: Route /api/v1undefined?q=Indepen&page=1&limit=20 not found
    at ApiError.notFound (file:///C:/Users/Abhishek/Desktop/LaunchMyTech/Twitter-Clone-1/backend/src/utils/api-error.js:32:12)
    at notFound (file:///C:/Users/Abhishek/Desktop/LaunchMyTech/Twitter-Clone-1/backend/src/middleware/not-Found.middleware.js:15:17)
    at Layer.handle [as handle_request] (C:\Users\Abhishek\Desktop\LaunchMyTech\Twitter-Clone-1\backend\node_modules\express\lib\router\layer.js:95:5)
    at trim_prefix (C:\Users\Abhishek\Desktop\LaunchMyTech\Twitter-Clone-1\backend\node_modules\express\lib\router\index.js:328:13)
    at C:\Users\Abhishek\Desktop\LaunchMyTech\Twitter-Clone-1\backend\node_modules\express\lib\router\index.js:286:9
    at Function.process_params (C:\Users\Abhishek\Desktop\LaunchMyTech\Twitter-Clone-1\backend\node_modules\express\lib\router\index.js:346:12)
    at next (C:\Users\Abhishek\Desktop\LaunchMyTech\Twitter-Clone-1\backend\node_modules\express\lib\router\index.js:280:10)
    at logger (C:\Users\Abhishek\Desktop\LaunchMyTech\Twitter-Clone-1\backend\node_modules\morgan\index.js:144:5)
    at Layer.handle [as handle_request] (C:\Users\Abhishek\Desktop\LaunchMyTech\Twitter-Clone-1\backend\node_modules\express\lib\router\layer.js:95:5)
    at trim_prefix (C:\Users\Abhishek\Desktop\LaunchMyTech\Twitter-Clone-1\backend\node_modules\express\lib\router\index.js:328:13)
2025-09-17 12:53:23 [ERROR]: Error: Route /api/v1undefined?q=Independ&page=1&limit=20 not found
    at ApiError.notFound (file:///C:/Users/Abhishek/Desktop/LaunchMyTech/Twitter-Clone-1/backend/src/utils/api-error.js:32:12)
    at notFound (file:///C:/Users/Abhishek/Desktop/LaunchMyTech/Twitter-Clone-1/backend/src/middleware/not-Found.middleware.js:15:17)
    at Layer.handle [as handle_request] (C:\Users\Abhishek\Desktop\LaunchMyTech\Twitter-Clone-1\backend\node_modules\express\lib\router\layer.js:95:5)
    at trim_prefix (C:\Users\Abhishek\Desktop\LaunchMyTech\Twitter-Clone-1\backend\node_modules\express\lib\router\index.js:328:13)
    at C:\Users\Abhishek\Desktop\LaunchMyTech\Twitter-Clone-1\backend\node_modules\express\lib\router\index.js:286:9
    at Function.process_params (C:\Users\Abhishek\Desktop\LaunchMyTech\Twitter-Clone-1\backend\node_modules\express\lib\router\index.js:346:12)
    at next (C:\Users\Abhishek\Desktop\LaunchMyTech\Twitter-Clone-1\backend\node_modules\express\lib\router\index.js:280:10)
    at logger (C:\Users\Abhishek\Desktop\LaunchMyTech\Twitter-Clone-1\backend\node_modules\morgan\index.js:144:5)
    at Layer.handle [as handle_request] (C:\Users\Abhishek\Desktop\LaunchMyTech\Twitter-Clone-1\backend\node_modules\express\lib\router\layer.js:95:5)
    at trim_prefix (C:\Users\Abhishek\Desktop\LaunchMyTech\Twitter-Clone-1\backend\node_modules\express\lib\router\index.js:328:13)
2025-09-17 12:53:23 [ERROR]: Error: Route /api/v1undefined?q=Independe&page=1&limit=20 not found
    at ApiError.notFound (file:///C:/Users/Abhishek/Desktop/LaunchMyTech/Twitter-Clone-1/backend/src/utils/api-error.js:32:12)
    at notFound (file:///C:/Users/Abhishek/Desktop/LaunchMyTech/Twitter-Clone-1/backend/src/middleware/not-Found.middleware.js:15:17)
    at Layer.handle [as handle_request] (C:\Users\Abhishek\Desktop\LaunchMyTech\Twitter-Clone-1\backend\node_modules\express\lib\router\layer.js:95:5)
    at trim_prefix (C:\Users\Abhishek\Desktop\LaunchMyTech\Twitter-Clone-1\backend\node_modules\express\lib\router\index.js:328:13)
    at C:\Users\Abhishek\Desktop\LaunchMyTech\Twitter-Clone-1\backend\node_modules\express\lib\router\index.js:286:9
    at Function.process_params (C:\Users\Abhishek\Desktop\LaunchMyTech\Twitter-Clone-1\backend\node_modules\express\lib\router\index.js:346:12)
    at next (C:\Users\Abhishek\Desktop\LaunchMyTech\Twitter-Clone-1\backend\node_modules\express\lib\router\index.js:280:10)
    at logger (C:\Users\Abhishek\Desktop\LaunchMyTech\Twitter-Clone-1\backend\node_modules\morgan\index.js:144:5)
    at Layer.handle [as handle_request] (C:\Users\Abhishek\Desktop\LaunchMyTech\Twitter-Clone-1\backend\node_modules\express\lib\router\layer.js:95:5)
    at trim_prefix (C:\Users\Abhishek\Desktop\LaunchMyTech\Twitter-Clone-1\backend\node_modules\express\lib\router\index.js:328:13)
2025-09-17 12:53:24 [ERROR]: Error: Route /api/v1undefined?q=Independence&page=1&limit=20 not found
    at ApiError.notFound (file:///C:/Users/Abhishek/Desktop/LaunchMyTech/Twitter-Clone-1/backend/src/utils/api-error.js:32:12)
    at notFound (file:///C:/Users/Abhishek/Desktop/LaunchMyTech/Twitter-Clone-1/backend/src/middleware/not-Found.middleware.js:15:17)
    at Layer.handle [as handle_request] (C:\Users\Abhishek\Desktop\LaunchMyTech\Twitter-Clone-1\backend\node_modules\express\lib\router\layer.js:95:5)
    at trim_prefix (C:\Users\Abhishek\Desktop\LaunchMyTech\Twitter-Clone-1\backend\node_modules\express\lib\router\index.js:328:13)
    at C:\Users\Abhishek\Desktop\LaunchMyTech\Twitter-Clone-1\backend\node_modules\express\lib\router\index.js:286:9
    at Function.process_params (C:\Users\Abhishek\Desktop\LaunchMyTech\Twitter-Clone-1\backend\node_modules\express\lib\router\index.js:346:12)
    at next (C:\Users\Abhishek\Desktop\LaunchMyTech\Twitter-Clone-1\backend\node_modules\express\lib\router\index.js:280:10)
    at logger (C:\Users\Abhishek\Desktop\LaunchMyTech\Twitter-Clone-1\backend\node_modules\morgan\index.js:144:5)
    at Layer.handle [as handle_request] (C:\Users\Abhishek\Desktop\LaunchMyTech\Twitter-Clone-1\backend\node_modules\express\lib\router\layer.js:95:5)
    at trim_prefix (C:\Users\Abhishek\Desktop\LaunchMyTech\Twitter-Clone-1\backend\node_modules\express\lib\router\index.js:328:13)
2025-09-17 12:53:26 [ERROR]: Error: Route /api/v1undefined?q=Independenc&page=1&limit=20 not found
    at ApiError.notFound (file:///C:/Users/Abhishek/Desktop/LaunchMyTech/Twitter-Clone-1/backend/src/utils/api-error.js:32:12)
    at notFound (file:///C:/Users/Abhishek/Desktop/LaunchMyTech/Twitter-Clone-1/backend/src/middleware/not-Found.middleware.js:15:17)
    at Layer.handle [as handle_request] (C:\Users\Abhishek\Desktop\LaunchMyTech\Twitter-Clone-1\backend\node_modules\express\lib\router\layer.js:95:5)
    at trim_prefix (C:\Users\Abhishek\Desktop\LaunchMyTech\Twitter-Clone-1\backend\node_modules\express\lib\router\index.js:328:13)
    at C:\Users\Abhishek\Desktop\LaunchMyTech\Twitter-Clone-1\backend\node_modules\express\lib\router\index.js:286:9
    at Function.process_params (C:\Users\Abhishek\Desktop\LaunchMyTech\Twitter-Clone-1\backend\node_modules\express\lib\router\index.js:346:12)
    at next (C:\Users\Abhishek\Desktop\LaunchMyTech\Twitter-Clone-1\backend\node_modules\express\lib\router\index.js:280:10)
    at logger (C:\Users\Abhishek\Desktop\LaunchMyTech\Twitter-Clone-1\backend\node_modules\morgan\index.js:144:5)
    at Layer.handle [as handle_request] (C:\Users\Abhishek\Desktop\LaunchMyTech\Twitter-Clone-1\backend\node_modules\express\lib\router\layer.js:95:5)
    at trim_prefix (C:\Users\Abhishek\Desktop\LaunchMyTech\Twitter-Clone-1\backend\node_modules\express\lib\router\index.js:328:13)
2025-09-17 13:10:06 [ERROR]: Error: Tweet not found
    at ApiError.notFound (file:///C:/Users/Abhishek/Desktop/LaunchMyTech/Twitter-Clone-1/backend/src/utils/api-error.js:32:12)
    at TweetService.getTweetById (file:///C:/Users/Abhishek/Desktop/LaunchMyTech/Twitter-Clone-1/backend/src/services/tweet.service.js:143:32)
    at process.processTicksAndRejections (node:internal/process/task_queues:105:5)
    at async file:///C:/Users/Abhishek/Desktop/LaunchMyTech/Twitter-Clone-1/backend/src/controllers/tweet.controller.js:90:19
2025-09-17 13:20:00 [ERROR]: Error: Tweet not found
    at ApiError.notFound (file:///C:/Users/Abhishek/Desktop/LaunchMyTech/Twitter-Clone-1/backend/src/utils/api-error.js:32:12)
    at TweetService.getTweetById (file:///C:/Users/Abhishek/Desktop/LaunchMyTech/Twitter-Clone-1/backend/src/services/tweet.service.js:143:32)
    at process.processTicksAndRejections (node:internal/process/task_queues:105:5)
    at async file:///C:/Users/Abhishek/Desktop/LaunchMyTech/Twitter-Clone-1/backend/src/controllers/tweet.controller.js:90:19
2025-09-17 13:20:03 [ERROR]: Error: Tweet not found or has been deleted
    at ApiError.notFound (file:///C:/Users/Abhishek/Desktop/LaunchMyTech/Twitter-Clone-1/backend/src/utils/api-error.js:32:12)
    at TweetService.toggleLike (file:///C:/Users/Abhishek/Desktop/LaunchMyTech/Twitter-Clone-1/backend/src/services/tweet.service.js:426:22)
    at process.processTicksAndRejections (node:internal/process/task_queues:105:5)
    at async file:///C:/Users/Abhishek/Desktop/LaunchMyTech/Twitter-Clone-1/backend/src/controllers/tweet.controller.js:105:20
2025-09-17 13:20:09 [ERROR]: Error: Tweet not found or has been deleted
    at ApiError.notFound (file:///C:/Users/Abhishek/Desktop/LaunchMyTech/Twitter-Clone-1/backend/src/utils/api-error.js:32:12)
    at TweetService.toggleLike (file:///C:/Users/Abhishek/Desktop/LaunchMyTech/Twitter-Clone-1/backend/src/services/tweet.service.js:426:22)
    at process.processTicksAndRejections (node:internal/process/task_queues:105:5)
    at async file:///C:/Users/Abhishek/Desktop/LaunchMyTech/Twitter-Clone-1/backend/src/controllers/tweet.controller.js:105:20
2025-09-18 21:39:32 [ERROR]: Error: Your session has expired
    at ApiError.unauthorized (file:///C:/Users/Abhishek/Desktop/LaunchMyTech/Twitter-Clone-1/backend/src/utils/api-error.js:24:12)
    at AuthService.validateToken (file:///C:/Users/Abhishek/Desktop/LaunchMyTech/Twitter-Clone-1/backend/src/services/auth.service.js:40:24)
    at file:///C:/Users/Abhishek/Desktop/LaunchMyTech/Twitter-Clone-1/backend/src/middleware/auth.middleware.js:26:29
    at file:///C:/Users/Abhishek/Desktop/LaunchMyTech/Twitter-Clone-1/backend/src/utils/async-handler.js:6:19
    at Layer.handle [as handle_request] (C:\Users\Abhishek\Desktop\LaunchMyTech\Twitter-Clone-1\backend\node_modules\express\lib\router\layer.js:95:5)
    at trim_prefix (C:\Users\Abhishek\Desktop\LaunchMyTech\Twitter-Clone-1\backend\node_modules\express\lib\router\index.js:328:13)
    at C:\Users\Abhishek\Desktop\LaunchMyTech\Twitter-Clone-1\backend\node_modules\express\lib\router\index.js:286:9
    at Function.process_params (C:\Users\Abhishek\Desktop\LaunchMyTech\Twitter-Clone-1\backend\node_modules\express\lib\router\index.js:346:12)
    at next (C:\Users\Abhishek\Desktop\LaunchMyTech\Twitter-Clone-1\backend\node_modules\express\lib\router\index.js:280:10)
    at Function.handle (C:\Users\Abhishek\Desktop\LaunchMyTech\Twitter-Clone-1\backend\node_modules\express\lib\router\index.js:175:3)
2025-09-18 21:58:03 [ERROR]: Error: Your session has expired
    at ApiError.unauthorized (file:///C:/Users/Abhishek/Desktop/LaunchMyTech/Twitter-Clone-1/backend/src/utils/api-error.js:24:12)
    at AuthService.validateToken (file:///C:/Users/Abhishek/Desktop/LaunchMyTech/Twitter-Clone-1/backend/src/services/auth.service.js:40:24)
    at file:///C:/Users/Abhishek/Desktop/LaunchMyTech/Twitter-Clone-1/backend/src/middleware/auth.middleware.js:26:29
    at file:///C:/Users/Abhishek/Desktop/LaunchMyTech/Twitter-Clone-1/backend/src/utils/async-handler.js:6:19
    at Layer.handle [as handle_request] (C:\Users\Abhishek\Desktop\LaunchMyTech\Twitter-Clone-1\backend\node_modules\express\lib\router\layer.js:95:5)
    at trim_prefix (C:\Users\Abhishek\Desktop\LaunchMyTech\Twitter-Clone-1\backend\node_modules\express\lib\router\index.js:328:13)
    at C:\Users\Abhishek\Desktop\LaunchMyTech\Twitter-Clone-1\backend\node_modules\express\lib\router\index.js:286:9
    at Function.process_params (C:\Users\Abhishek\Desktop\LaunchMyTech\Twitter-Clone-1\backend\node_modules\express\lib\router\index.js:346:12)
    at next (C:\Users\Abhishek\Desktop\LaunchMyTech\Twitter-Clone-1\backend\node_modules\express\lib\router\index.js:280:10)
    at Function.handle (C:\Users\Abhishek\Desktop\LaunchMyTech\Twitter-Clone-1\backend\node_modules\express\lib\router\index.js:175:3)
